<?xml version="1.0" encoding="UTF-8"?><testrun name="MDNTest" project="CraigandDavid" tests="16" started="16" failures="0" errors="1" ignored="0">
  <testsuite name="MDNTest" time="180.793">
    <testcase name="testLanguageJapanese" classname="MDNTest" time="9.481"/>
    <testcase name="testRightUsernameRightPassword" classname="MDNTest" time="12.516"/>
    <testcase name="testSearchGibberish" classname="MDNTest" time="8.535"/>
    <testcase name="testSearchSpecificGeorgian" classname="MDNTest" time="9.065"/>
    <testcase name="testLanguageChinese" classname="MDNTest" time="8.365"/>
    <testcase name="testWrongUsernameWrongPassword" classname="MDNTest" time="10.93"/>
    <testcase name="testSearchChinese" classname="MDNTest" time="9.458"/>
    <testcase name="testLanguageItaliano" classname="MDNTest" time="9.969"/>
    <testcase name="testLanguageDeutsch" classname="MDNTest" time="8.256"/>
    <testcase name="testWrongUsernameRightPassword" classname="MDNTest" time="12.155"/>
    <testcase name="testSearchGeneralLLL" classname="MDNTest" time="8.151"/>
    <testcase name="testLanguageSuomi" classname="MDNTest" time="8.279"/>
    <testcase name="testSearchSpecificUSSLaboon" classname="MDNTest" time="9.092"/>
    <testcase name="testReddit" classname="MDNTest" time="35.424">
      <error>org.openqa.selenium.NoSuchElementException: Unable to locate element: {"method":"link text","selector":"Mathematics"}
Command duration or timeout: 30.11 seconds
For documentation on this error, please visit: http://seleniumhq.org/exceptions/no_such_element.html
Build info: version: '2.52.0', revision: '4c2593c', time: '2016-02-11 19:06:42'
System info: host: 'Craig', ip: '150.212.123.205', os.name: 'Windows 8.1', os.arch: 'amd64', os.version: '6.3', java.version: '1.8.0_25'
Driver info: org.openqa.selenium.firefox.FirefoxDriver
Capabilities [{applicationCacheEnabled=true, rotatable=false, handlesAlerts=true, databaseEnabled=true, version=44.0.2, platform=WINDOWS, nativeEvents=false, acceptSslCerts=true, webStorageEnabled=true, locationContextEnabled=true, browserName=firefox, takesScreenshot=true, javascriptEnabled=true, cssSelectorsEnabled=true}]
Session ID: eceb290a-d83d-44f8-9408-ac0affc0d534
*** Element info: {Using=link text, value=Mathematics}&#13;
	at sun.reflect.NativeConstructorAccessorImpl.newInstance0(Native Method)&#13;
	at sun.reflect.NativeConstructorAccessorImpl.newInstance(Unknown Source)&#13;
	at sun.reflect.DelegatingConstructorAccessorImpl.newInstance(Unknown Source)&#13;
	at java.lang.reflect.Constructor.newInstance(Unknown Source)&#13;
	at org.openqa.selenium.remote.ErrorHandler.createThrowable(ErrorHandler.java:206)&#13;
	at org.openqa.selenium.remote.ErrorHandler.throwIfResponseFailed(ErrorHandler.java:158)&#13;
	at org.openqa.selenium.remote.RemoteWebDriver.execute(RemoteWebDriver.java:678)&#13;
	at org.openqa.selenium.remote.RemoteWebDriver.findElement(RemoteWebDriver.java:363)&#13;
	at org.openqa.selenium.remote.RemoteWebDriver.findElementByLinkText(RemoteWebDriver.java:428)&#13;
	at org.openqa.selenium.By$ByLinkText.findElement(By.java:246)&#13;
	at org.openqa.selenium.remote.RemoteWebDriver.findElement(RemoteWebDriver.java:355)&#13;
	at MDNTest.testReddit(MDNTest.java:272)&#13;
	at sun.reflect.NativeMethodAccessorImpl.invoke0(Native Method)&#13;
	at sun.reflect.NativeMethodAccessorImpl.invoke(Unknown Source)&#13;
	at sun.reflect.DelegatingMethodAccessorImpl.invoke(Unknown Source)&#13;
	at java.lang.reflect.Method.invoke(Unknown Source)&#13;
	at org.junit.runners.model.FrameworkMethod$1.runReflectiveCall(FrameworkMethod.java:47)&#13;
	at org.junit.internal.runners.model.ReflectiveCallable.run(ReflectiveCallable.java:12)&#13;
	at org.junit.runners.model.FrameworkMethod.invokeExplosively(FrameworkMethod.java:44)&#13;
	at org.junit.internal.runners.statements.InvokeMethod.evaluate(InvokeMethod.java:17)&#13;
	at org.junit.internal.runners.statements.RunBefores.evaluate(RunBefores.java:26)&#13;
	at org.junit.internal.runners.statements.RunAfters.evaluate(RunAfters.java:27)&#13;
	at org.junit.runners.ParentRunner.runLeaf(ParentRunner.java:271)&#13;
	at org.junit.runners.BlockJUnit4ClassRunner.runChild(BlockJUnit4ClassRunner.java:70)&#13;
	at org.junit.runners.BlockJUnit4ClassRunner.runChild(BlockJUnit4ClassRunner.java:50)&#13;
	at org.junit.runners.ParentRunner$3.run(ParentRunner.java:238)&#13;
	at org.junit.runners.ParentRunner$1.schedule(ParentRunner.java:63)&#13;
	at org.junit.runners.ParentRunner.runChildren(ParentRunner.java:236)&#13;
	at org.junit.runners.ParentRunner.access$000(ParentRunner.java:53)&#13;
	at org.junit.runners.ParentRunner$2.evaluate(ParentRunner.java:229)&#13;
	at org.junit.runners.ParentRunner.run(ParentRunner.java:309)&#13;
	at org.eclipse.jdt.internal.junit4.runner.JUnit4TestReference.run(JUnit4TestReference.java:50)&#13;
	at org.eclipse.jdt.internal.junit.runner.TestExecution.run(TestExecution.java:38)&#13;
	at org.eclipse.jdt.internal.junit.runner.RemoteTestRunner.runTests(RemoteTestRunner.java:459)&#13;
	at org.eclipse.jdt.internal.junit.runner.RemoteTestRunner.runTests(RemoteTestRunner.java:675)&#13;
	at org.eclipse.jdt.internal.junit.runner.RemoteTestRunner.run(RemoteTestRunner.java:382)&#13;
	at org.eclipse.jdt.internal.junit.runner.RemoteTestRunner.main(RemoteTestRunner.java:192)&#13;
Caused by: org.openqa.selenium.NoSuchElementException: Unable to locate element: {"method":"link text","selector":"Mathematics"}
For documentation on this error, please visit: http://seleniumhq.org/exceptions/no_such_element.html
Build info: version: '2.52.0', revision: '4c2593c', time: '2016-02-11 19:06:42'
System info: host: 'Craig', ip: '150.212.123.205', os.name: 'Windows 8.1', os.arch: 'amd64', os.version: '6.3', java.version: '1.8.0_25'
Driver info: driver.version: unknown&#13;
	at &lt;anonymous class&gt;.FirefoxDriver.prototype.findElementInternal_(file:///C:/Users/Craig/AppData/Local/Temp/anonymous6199723079020556148webdriver-profile/extensions/fxdriver@googlecode.com/components/driver-component.js:10723)&#13;
	at &lt;anonymous class&gt;.fxdriver.Timer.prototype.setTimeout/&lt;.notify(file:///C:/Users/Craig/AppData/Local/Temp/anonymous6199723079020556148webdriver-profile/extensions/fxdriver@googlecode.com/components/driver-component.js:623)&#13;
&#13;
</error>
    </testcase>
    <testcase name="testRightUsernameWrongPassword" classname="MDNTest" time="11.843"/>
    <testcase name="testLanguageSimpleEnglish" classname="MDNTest" time="9.274"/>
  </testsuite>
</testrun>
